Using pre-set license
Built from '2020.3/release' branch; Version is '2020.3.12f1 (b3b2c6512326) revision 11776710'; Using compiler version '192528614'; Build Type 'Release'
OS: 'Windows 10 Pro; OS build 19044.1706; Version 2009; 64bit' Language: 'fr' Physical Memory: 16327 MB
BatchMode: 1, IsHumanControllingUs: 0, StartBugReporterOnCrash: 0, Is64bit: 1, IsPro: 0

 COMMAND LINE ARGUMENTS:
C:\Users\Yanis\OneDrive - Université Clermont Auvergne\UNITY\2020.3.12f1\Editor\Unity.exe
-adb2
-batchMode
-noUpm
-name
AssetImportWorker0
-projectPath
D:/IUT/3d/Temple-musee/Jeu Temple
-logFile
Logs/AssetImportWorker0.log
-srvPort
56265
Successfully changed project path to: D:/IUT/3d/Temple-musee/Jeu Temple
D:/IUT/3d/Temple-musee/Jeu Temple
Using Asset Import Pipeline V2.
Refreshing native plugins compatible for Editor in 19.41 ms, found 2 plugins.
Preloading 0 native plugins for Editor in 0.00 ms.
Initialize engine version: 2020.3.12f1 (b3b2c6512326)
[Subsystems] Discovering subsystems at path C:/Users/Yanis/OneDrive - Université Clermont Auvergne/UNITY/2020.3.12f1/Editor/Data/Resources/UnitySubsystems
[Subsystems] Discovering subsystems at path D:/IUT/3d/Temple-musee/Jeu Temple/Assets
GfxDevice: creating device client; threaded=0
Direct3D:
    Version:  Direct3D 11.0 [level 11.1]
    Renderer: NVIDIA GeForce GTX 1050 Ti (ID=0x1c82)
    Vendor:   
    VRAM:     4018 MB
    Driver:   30.0.15.1295
Initialize mono
Mono path[0] = 'C:/Users/Yanis/OneDrive - Université Clermont Auvergne/UNITY/2020.3.12f1/Editor/Data/Managed'
Mono path[1] = 'C:/Users/Yanis/OneDrive - Université Clermont Auvergne/UNITY/2020.3.12f1/Editor/Data/MonoBleedingEdge/lib/mono/unityjit'
Mono config path = 'C:/Users/Yanis/OneDrive - Université Clermont Auvergne/UNITY/2020.3.12f1/Editor/Data/MonoBleedingEdge/etc'
Using monoOptions --debugger-agent=transport=dt_socket,embedding=1,server=y,suspend=n,address=127.0.0.1:56972
Begin MonoManager ReloadAssembly
Error scanning for extension ivy.xml files: System.IO.IOException: Error 4393
  at System.IO.__Error.WinIOError (System.Int32 errorCode, System.String maybeFullPath) [0x00219] in <695d1cc93cca45069c528c15c9fdd749>:0 
  at System.IO.FileSystemEnumerableIterator`1[TSource].HandleError (System.Int32 hr, System.String path) [0x00006] in <695d1cc93cca45069c528c15c9fdd749>:0 
  at System.IO.FileSystemEnumerableIterator`1[TSource].AddSearchableDirsToStack (System.IO.Directory+SearchData localSearchData) [0x00053] in <695d1cc93cca45069c528c15c9fdd749>:0 
  at System.IO.FileSystemEnumerableIterator`1[TSource].MoveNext () [0x0008e] in <695d1cc93cca45069c528c15c9fdd749>:0 
  at System.Collections.Generic.List`1[T]..ctor (System.Collections.Generic.IEnumerable`1[T] collection) [0x00077] in <695d1cc93cca45069c528c15c9fdd749>:0 
  at System.IO.Directory.InternalGetFileDirectoryNames (System.String path, System.String userPathOriginal, System.String searchPattern, System.Boolean includeFiles, System.Boolean includeDirs, System.IO.SearchOption searchOption, System.Boolean checkHost) [0x0000f] in <695d1cc93cca45069c528c15c9fdd749>:0 
  at System.IO.Directory.InternalGetFiles (System.String path, System.String searchPattern, System.IO.SearchOption searchOption) [0x00000] in <695d1cc93cca45069c528c15c9fdd749>:0 
  at System.IO.Directory.GetFiles (System.String path, System.String searchPattern, System.IO.SearchOption searchOption) [0x00038] in <695d1cc93cca45069c528c15c9fdd749>:0 
  at UnityEditor.Modules.ModuleManager.LoadLegacyExtensionsFromIvyFiles () [0x000a5] in <dc14d30a5e0540ee9311ed6df63d9074>:0 
Registering precompiled unity dll's ...
Register platform support module: C:/Users/Yanis/OneDrive - Université Clermont Auvergne/UNITY/2020.3.12f1/Editor/Data/PlaybackEngines/WindowsStandaloneSupport/UnityEditor.WindowsStandalone.Extensions.dll
Registered in 0.001800 seconds.
Native extension for WindowsStandalone target not found
Refreshing native plugins compatible for Editor in 18.15 ms, found 2 plugins.
Preloading 0 native plugins for Editor in 0.00 ms.
Mono: successfully reloaded assembly
- Completed reload, in  0.659 seconds
Platform modules already initialized, skipping
Registering precompiled user dll's ...
Registered in 0.002469 seconds.
Begin MonoManager ReloadAssembly
Native extension for WindowsStandalone target not found
Refreshing native plugins compatible for Editor in 0.28 ms, found 2 plugins.
Preloading 0 native plugins for Editor in 0.00 ms.
Mono: successfully reloaded assembly
- Completed reload, in  0.662 seconds
Platform modules already initialized, skipping
========================================================================
Worker process is ready to serve import requests
Launched and connected shader compiler UnityShaderCompiler.exe after 0.04 seconds
Refreshing native plugins compatible for Editor in 0.45 ms, found 2 plugins.
Preloading 0 native plugins for Editor in 0.00 ms.
Unloading 1386 Unused Serialized files (Serialized files now loaded: 0)
System memory in use before: 64.8 MB.
System memory in use after: 64.8 MB.

Unloading 19 unused Assets to reduce memory usage. Loaded Objects now: 1820.
Total: 1.439400 ms (FindLiveObjects: 0.109100 ms CreateObjectMapping: 0.025600 ms MarkObjects: 1.244800 ms  DeleteObjects: 0.059000 ms)

AssetImportParameters requested are different than current active one (requested -> active):
  custom:framework-win-MediaFoundation: 216162199b28c13a410421893ffa2e32 -> 
  custom:video-decoder-ogg-theora: a1e56fd34408186e4bbccfd4996cb3dc -> 
  custom:container-muxer-webm: aa71ff27fc2769a1b78a27578f13a17b -> 
  custom:container-demuxer-webm: 4f35f7cbe854078d1ac9338744f61a02 -> 
  custom:container-demuxer-ogg: 62fdf1f143b41e24485cea50d1cbac27 -> 
  custom:video-encoder-webm-vp8: eb34c28f22e8b96e1ab97ce403110664 -> 
  custom:video-decoder-webm-vp8: 9c59270c3fd7afecdb556c50c9e8de78 -> 
  custom:audio-decoder-ogg-vorbis: bf7c407c2cedff20999df2af8eb42d56 -> 
  custom:audio-encoder-webm-vorbis: bf7c407c2cedff20999df2af8eb42d56 -> 
========================================================================
Received Import Request.
  path: Assets/Models/Temple Musée.obj
  artifactKey: Guid(155484860eb84aa479851a91bbad875b) Importer(815301076,1909f56bfc062723c751e8b465ee728b)
Start importing Assets/Models/Temple Musée.obj using Guid(155484860eb84aa479851a91bbad875b) Importer(815301076,1909f56bfc062723c751e8b465ee728b)  -> (artifact id: 'e645bb375d8d81626fdb9155b7ea4163') in 3.800944 seconds 
  Import took 3.812160 seconds .

========================================================================
Received Import Request.
  Time since last request: 0.000111 seconds.
  path: Assets/Models/Temple Musée.obj
  artifactKey: Guid(155484860eb84aa479851a91bbad875b) Importer(815301076,1909f56bfc062723c751e8b465ee728b)
Start importing Assets/Models/Temple Musée.obj using Guid(155484860eb84aa479851a91bbad875b) Importer(815301076,1909f56bfc062723c751e8b465ee728b)  -> (artifact id: 'e645bb375d8d81626fdb9155b7ea4163') in 3.519950 seconds 
  Import took 3.532029 seconds .

========================================================================
Received Import Request.
  Time since last request: 0.000147 seconds.
  path: Assets/Models/Temple Musée.mtl
  artifactKey: Guid(5a39abca5e0b2f449b74f61e26ab5587) Importer(815301076,1909f56bfc062723c751e8b465ee728b)
Start importing Assets/Models/Temple Musée.mtl using Guid(5a39abca5e0b2f449b74f61e26ab5587) Importer(815301076,1909f56bfc062723c751e8b465ee728b)  -> (artifact id: 'b11c8941d9436b540e8c957b129f12d6') in 0.007555 seconds 
  Import took 0.009147 seconds .

========================================================================
Received Import Request.
  Time since last request: 0.000111 seconds.
  path: Assets/Models
  artifactKey: Guid(27afefe626e781a4ea344ed8d30f9adc) Importer(815301076,1909f56bfc062723c751e8b465ee728b)
Start importing Assets/Models using Guid(27afefe626e781a4ea344ed8d30f9adc) Importer(815301076,1909f56bfc062723c751e8b465ee728b)  -> (artifact id: '770d074828f62fe7654c7b0ff75fb0fc') in 0.005576 seconds 
  Import took 0.007518 seconds .

========================================================================
Received Import Request.
  Time since last request: 0.000110 seconds.
  path: Assets/Models/Carton.fbx
  artifactKey: Guid(362ecc034597c0b43832d166305c3b87) Importer(815301076,1909f56bfc062723c751e8b465ee728b)
Start importing Assets/Models/Carton.fbx using Guid(362ecc034597c0b43832d166305c3b87) Importer(815301076,1909f56bfc062723c751e8b465ee728b)  -> (artifact id: '0da7faf24048c16801fc5271a40b1efb') in 0.016671 seconds 
  Import took 0.018379 seconds .

========================================================================
Received Import Request.
  Time since last request: 308.799178 seconds.
  path: Assets/Models/temple UV fix.fbx
  artifactKey: Guid(53a8b36da435e4541a49f498fc058c60) Importer(815301076,1909f56bfc062723c751e8b465ee728b)
Start importing Assets/Models/temple UV fix.fbx using Guid(53a8b36da435e4541a49f498fc058c60) Importer(815301076,1909f56bfc062723c751e8b465ee728b)  -> (artifact id: '337e90dee897a460127b631a91b7b12a') in 1.288305 seconds 
  Import took 1.295888 seconds .

========================================================================
Received Import Request.
  Time since last request: 0.002214 seconds.
  path: Assets/Models/temple UV fix.fbx
  artifactKey: Guid(53a8b36da435e4541a49f498fc058c60) Importer(815301076,1909f56bfc062723c751e8b465ee728b)
Start importing Assets/Models/temple UV fix.fbx using Guid(53a8b36da435e4541a49f498fc058c60) Importer(815301076,1909f56bfc062723c751e8b465ee728b)  -> (artifact id: '337e90dee897a460127b631a91b7b12a') in 1.291480 seconds 
  Import took 1.298436 seconds .

========================================================================
Received Import Request.
  Time since last request: 199.259491 seconds.
  path: Assets/Models/temple UV fix_Alcove colonne D_BaseMap.png
  artifactKey: Guid(a88764dddf5396d4295d60b7a0f96f7f) Importer(815301076,1909f56bfc062723c751e8b465ee728b)
Start importing Assets/Models/temple UV fix_Alcove colonne D_BaseMap.png using Guid(a88764dddf5396d4295d60b7a0f96f7f) Importer(815301076,1909f56bfc062723c751e8b465ee728b)  -> (artifact id: '5c5e4929c7b131125a3816225791b776') in 0.029679 seconds 
  Import took 0.036613 seconds .

========================================================================
Received Import Request.
  Time since last request: 0.000122 seconds.
  path: Assets/Models/temple UV fix_couleur sable_MaskMap.png
  artifactKey: Guid(7431b9abe2a3e4241853d8c2b0774b5f) Importer(815301076,1909f56bfc062723c751e8b465ee728b)
Start importing Assets/Models/temple UV fix_couleur sable_MaskMap.png using Guid(7431b9abe2a3e4241853d8c2b0774b5f) Importer(815301076,1909f56bfc062723c751e8b465ee728b)  -> (artifact id: '79710d77d2251bbdea564dabce8bf2c0') in 0.009026 seconds 
  Import took 0.022351 seconds .

========================================================================
Received Import Request.
  Time since last request: 0.000142 seconds.
  path: Assets/Models/temple UV fix_colone alcove_MaskMap.png
  artifactKey: Guid(249a5bef9afe8204b8704deab4962eaf) Importer(815301076,1909f56bfc062723c751e8b465ee728b)
Start importing Assets/Models/temple UV fix_colone alcove_MaskMap.png using Guid(249a5bef9afe8204b8704deab4962eaf) Importer(815301076,1909f56bfc062723c751e8b465ee728b)  -> (artifact id: '3388560db54ab9fab5d974b159dddf63') in 0.008186 seconds 
  Import took 0.009863 seconds .

========================================================================
Received Import Request.
  Time since last request: 0.000156 seconds.
  path: Assets/Models/temple UV fix_Fronton_BaseMap.png
  artifactKey: Guid(dd64799a4fcf93541961027c114b77c7) Importer(815301076,1909f56bfc062723c751e8b465ee728b)
Start importing Assets/Models/temple UV fix_Fronton_BaseMap.png using Guid(dd64799a4fcf93541961027c114b77c7) Importer(815301076,1909f56bfc062723c751e8b465ee728b)  -> (artifact id: 'f42d73e05899b08aefcaa07383154d5c') in 0.007894 seconds 
  Import took 0.017028 seconds .

========================================================================
Received Import Request.
  Time since last request: 0.000147 seconds.
  path: Assets/Models/temple UV fix_Grande colone_MaskMap.png
  artifactKey: Guid(80469419e127a5248a3525bc4c542010) Importer(815301076,1909f56bfc062723c751e8b465ee728b)
Start importing Assets/Models/temple UV fix_Grande colone_MaskMap.png using Guid(80469419e127a5248a3525bc4c542010) Importer(815301076,1909f56bfc062723c751e8b465ee728b)  -> (artifact id: 'd027493c69b3f80e760678b37f2b9168') in 0.008214 seconds 
  Import took 0.081948 seconds .

========================================================================
Received Import Request.
  Time since last request: 0.000153 seconds.
  path: Assets/Models/temple UV fix_Dirt_MaskMap.png
  artifactKey: Guid(3a5c6ce98b2a09948ad4a3858265fd8b) Importer(815301076,1909f56bfc062723c751e8b465ee728b)
Start importing Assets/Models/temple UV fix_Dirt_MaskMap.png using Guid(3a5c6ce98b2a09948ad4a3858265fd8b) Importer(815301076,1909f56bfc062723c751e8b465ee728b)  -> (artifact id: 'abc348f566dc6610cc071743e32e7eaf') in 0.008518 seconds 
  Import took 0.010120 seconds .

========================================================================
Received Import Request.
  Time since last request: 0.000133 seconds.
  path: Assets/Models/temple UV fix_Mur Exagone D_MaskMap.png
  artifactKey: Guid(0d145cd64e19fcd4a84683047e527520) Importer(815301076,1909f56bfc062723c751e8b465ee728b)
Start importing Assets/Models/temple UV fix_Mur Exagone D_MaskMap.png using Guid(0d145cd64e19fcd4a84683047e527520) Importer(815301076,1909f56bfc062723c751e8b465ee728b)  -> (artifact id: 'b1aa0f6bdc816a62d32054e287e1111e') in 0.008007 seconds 
  Import took 0.009486 seconds .

========================================================================
Received Import Request.
  Time since last request: 0.000114 seconds.
  path: Assets/Models/temple UV fix_Alcove colonne D_MaskMap.png
  artifactKey: Guid(8437e27dcd8b7f7419c684758512306b) Importer(815301076,1909f56bfc062723c751e8b465ee728b)
Start importing Assets/Models/temple UV fix_Alcove colonne D_MaskMap.png using Guid(8437e27dcd8b7f7419c684758512306b) Importer(815301076,1909f56bfc062723c751e8b465ee728b)  -> (artifact id: 'e048dcbe8c00bdbf293b58ae5547477d') in 0.009289 seconds 
  Import took 0.027793 seconds .

========================================================================
Received Import Request.
  Time since last request: 0.000144 seconds.
  path: Assets/Models/temple UV fix_Mur Exagone D_Normal.png
  artifactKey: Guid(14a5bf6e40a104f4db4c80b61a37e2e4) Importer(815301076,1909f56bfc062723c751e8b465ee728b)
Start importing Assets/Models/temple UV fix_Mur Exagone D_Normal.png using Guid(14a5bf6e40a104f4db4c80b61a37e2e4) Importer(815301076,1909f56bfc062723c751e8b465ee728b)  -> (artifact id: 'a2c59803f95cbb9ffdd728aa9a8f6848') in 0.008678 seconds 
  Import took 0.031975 seconds .

========================================================================
Received Import Request.
  Time since last request: 0.000154 seconds.
  path: Assets/Models/temple UV fix_Toit deco_BaseMap.png
  artifactKey: Guid(18b54a1fa57ec2243a481a035f84bebb) Importer(815301076,1909f56bfc062723c751e8b465ee728b)
Start importing Assets/Models/temple UV fix_Toit deco_BaseMap.png using Guid(18b54a1fa57ec2243a481a035f84bebb) Importer(815301076,1909f56bfc062723c751e8b465ee728b)  -> (artifact id: '0d4fdd6be71de550133f91a3b41c7a47') in 0.008196 seconds 
  Import took 0.036339 seconds .

========================================================================
Received Import Request.
  Time since last request: 0.000239 seconds.
  path: Assets/Models/temple UV fix_Collone_MaskMap.png
  artifactKey: Guid(b70f63abdbc07644982970598f3b250b) Importer(815301076,1909f56bfc062723c751e8b465ee728b)
Start importing Assets/Models/temple UV fix_Collone_MaskMap.png using Guid(b70f63abdbc07644982970598f3b250b) Importer(815301076,1909f56bfc062723c751e8b465ee728b)  -> (artifact id: '173f32293ed7aa2770c9571d814d2d49') in 0.008804 seconds 
  Import took 0.010556 seconds .

========================================================================
Received Import Request.
  Time since last request: 0.000190 seconds.
  path: Assets/Models/temple UV fix_couleur sable_BaseMap.png
  artifactKey: Guid(0c2ca32d30ead5248a9b5e214d2d06d5) Importer(815301076,1909f56bfc062723c751e8b465ee728b)
Start importing Assets/Models/temple UV fix_couleur sable_BaseMap.png using Guid(0c2ca32d30ead5248a9b5e214d2d06d5) Importer(815301076,1909f56bfc062723c751e8b465ee728b)  -> (artifact id: '47f25578317a1cbff05777683994856e') in 0.007069 seconds 
  Import took 0.008594 seconds .

========================================================================
Received Import Request.
  Time since last request: 0.000117 seconds.
  path: Assets/Models/temple UV fix_Grande colone_Normal.png
  artifactKey: Guid(f80943067a44d8647a7a7968c5873e57) Importer(815301076,1909f56bfc062723c751e8b465ee728b)
Start importing Assets/Models/temple UV fix_Grande colone_Normal.png using Guid(f80943067a44d8647a7a7968c5873e57) Importer(815301076,1909f56bfc062723c751e8b465ee728b)  -> (artifact id: '78525757e65660054edfa4e91c69fda3') in 0.007387 seconds 
  Import took 0.008962 seconds .

========================================================================
Received Import Request.
  Time since last request: 0.000167 seconds.
  path: Assets/Models/temple UV fix_Mur enceinte_MaskMap.png
  artifactKey: Guid(1b7d6aa35891fa649b698ba686c71a04) Importer(815301076,1909f56bfc062723c751e8b465ee728b)
Start importing Assets/Models/temple UV fix_Mur enceinte_MaskMap.png using Guid(1b7d6aa35891fa649b698ba686c71a04) Importer(815301076,1909f56bfc062723c751e8b465ee728b)  -> (artifact id: 'ace70f1f00d8f728195b6209783b30b6') in 0.007544 seconds 
  Import took 0.009073 seconds .

========================================================================
Received Import Request.
  Time since last request: 0.000124 seconds.
  path: Assets/Models/temple UV fix_Mur Exagone D_BaseMap.png
  artifactKey: Guid(cee9c206c2cb22346a7fda9c00f3c249) Importer(815301076,1909f56bfc062723c751e8b465ee728b)
Start importing Assets/Models/temple UV fix_Mur Exagone D_BaseMap.png using Guid(cee9c206c2cb22346a7fda9c00f3c249) Importer(815301076,1909f56bfc062723c751e8b465ee728b)  -> (artifact id: '4b8ff28e18c90c633aa29e205cbbafda') in 0.007117 seconds 
  Import took 0.026301 seconds .

========================================================================
Received Import Request.
  Time since last request: 0.000146 seconds.
  path: Assets/Models/temple UV fix_étage_MaskMap.png
  artifactKey: Guid(225c1c87d12a5d5478c861c1076c486c) Importer(815301076,1909f56bfc062723c751e8b465ee728b)
Start importing Assets/Models/temple UV fix_étage_MaskMap.png using Guid(225c1c87d12a5d5478c861c1076c486c) Importer(815301076,1909f56bfc062723c751e8b465ee728b)  -> (artifact id: 'd636f2176c282cecd753466e694fbfd5') in 0.007784 seconds 
  Import took 0.009339 seconds .

========================================================================
Received Import Request.
  Time since last request: 0.000136 seconds.
  path: Assets/Models/temple UV fix_porte001_Normal.png
  artifactKey: Guid(f2b2bb00e2f307c4a9789f2c74192b10) Importer(815301076,1909f56bfc062723c751e8b465ee728b)
Start importing Assets/Models/temple UV fix_porte001_Normal.png using Guid(f2b2bb00e2f307c4a9789f2c74192b10) Importer(815301076,1909f56bfc062723c751e8b465ee728b)  -> (artifact id: '70229105176c2042dc705eba0dffdc0e') in 0.008434 seconds 
  Import took 0.010159 seconds .

========================================================================
Received Import Request.
  Time since last request: 0.000133 seconds.
  path: Assets/Models/temple UV fix_Escalier_MaskMap.png
  artifactKey: Guid(26b3dead300d34344829822f3072d4dc) Importer(815301076,1909f56bfc062723c751e8b465ee728b)
Start importing Assets/Models/temple UV fix_Escalier_MaskMap.png using Guid(26b3dead300d34344829822f3072d4dc) Importer(815301076,1909f56bfc062723c751e8b465ee728b)  -> (artifact id: 'e0b6ca9fa5b48e33cbce700aef824c2e') in 0.009436 seconds 
  Import took 0.011248 seconds .

========================================================================
Received Import Request.
  Time since last request: 0.000129 seconds.
  path: Assets/Models/temple UV fix_Barre porte _MaskMap.png
  artifactKey: Guid(4091affd585146f4bba16f157c33ab39) Importer(815301076,1909f56bfc062723c751e8b465ee728b)
Start importing Assets/Models/temple UV fix_Barre porte _MaskMap.png using Guid(4091affd585146f4bba16f157c33ab39) Importer(815301076,1909f56bfc062723c751e8b465ee728b)  -> (artifact id: 'c083ec310c4c7cdf87e5bb0f0e8e6cb3') in 0.008953 seconds 
  Import took 0.012172 seconds .

========================================================================
Received Import Request.
  Time since last request: 0.000122 seconds.
  path: Assets/Models/temple UV fix_Escalier_Normal.png
  artifactKey: Guid(a46c5877352ac334dbeea226af3562bd) Importer(815301076,1909f56bfc062723c751e8b465ee728b)
Start importing Assets/Models/temple UV fix_Escalier_Normal.png using Guid(a46c5877352ac334dbeea226af3562bd) Importer(815301076,1909f56bfc062723c751e8b465ee728b)  -> (artifact id: '403dfab3d3fb2f2e5c4af9e66d9dd320') in 0.008293 seconds 
  Import took 0.010973 seconds .

========================================================================
Received Import Request.
  Time since last request: 0.000138 seconds.
  path: Assets/Models/temple UV fix_Mur enceinte_Normal.png
  artifactKey: Guid(1e6929e892640f14c9747a5603ab9f0d) Importer(815301076,1909f56bfc062723c751e8b465ee728b)
Start importing Assets/Models/temple UV fix_Mur enceinte_Normal.png using Guid(1e6929e892640f14c9747a5603ab9f0d) Importer(815301076,1909f56bfc062723c751e8b465ee728b)  -> (artifact id: 'a6fd2a1d344c19164d9f22d53751a4bc') in 0.010648 seconds 
  Import took 0.024826 seconds .

========================================================================
Received Import Request.
  Time since last request: 0.000154 seconds.
  path: Assets/Models/temple UV fix_Porte2_Normal.png
  artifactKey: Guid(dc07a51f67d5f954cb867eb03aefb819) Importer(815301076,1909f56bfc062723c751e8b465ee728b)
Start importing Assets/Models/temple UV fix_Porte2_Normal.png using Guid(dc07a51f67d5f954cb867eb03aefb819) Importer(815301076,1909f56bfc062723c751e8b465ee728b)  -> (artifact id: '211aef64cd91c6599a3d9aed6c75210c') in 0.012539 seconds 
  Import took 0.037914 seconds .

========================================================================
Received Import Request.
  Time since last request: 0.000132 seconds.
  path: Assets/Models/temple UV fix_Collone_BaseMap.png
  artifactKey: Guid(a0affaedfe11b00429a1a8afb69da55a) Importer(815301076,1909f56bfc062723c751e8b465ee728b)
Start importing Assets/Models/temple UV fix_Collone_BaseMap.png using Guid(a0affaedfe11b00429a1a8afb69da55a) Importer(815301076,1909f56bfc062723c751e8b465ee728b)  -> (artifact id: '82036394c0ff6359cb6f86b8632b6b4d') in 0.008258 seconds 
  Import took 0.010302 seconds .

========================================================================
Received Import Request.
  Time since last request: 0.000135 seconds.
  path: Assets/Models/temple UV fix_Alcove colonne D_Normal.png
  artifactKey: Guid(3119bbfa598520b45b5543520833738d) Importer(815301076,1909f56bfc062723c751e8b465ee728b)
Start importing Assets/Models/temple UV fix_Alcove colonne D_Normal.png using Guid(3119bbfa598520b45b5543520833738d) Importer(815301076,1909f56bfc062723c751e8b465ee728b)  -> (artifact id: '041c0f3494145e53fed542d5252fd8b9') in 0.007955 seconds 
  Import took 0.043358 seconds .

========================================================================
Received Import Request.
  Time since last request: 0.000138 seconds.
  path: Assets/Models/temple UV fix_Mur enceinte_BaseMap.png
  artifactKey: Guid(e9dcb4f109712314592eb9523b2a37c8) Importer(815301076,1909f56bfc062723c751e8b465ee728b)
Start importing Assets/Models/temple UV fix_Mur enceinte_BaseMap.png using Guid(e9dcb4f109712314592eb9523b2a37c8) Importer(815301076,1909f56bfc062723c751e8b465ee728b)  -> (artifact id: '18558358596721894d085e9048682f49') in 0.008403 seconds 
  Import took 0.009892 seconds .

========================================================================
Received Import Request.
  Time since last request: 0.000135 seconds.
  path: Assets/Models/temple UV fix_Dirt_Normal.png
  artifactKey: Guid(68ac7c7ae98dc964fb5272527ce574a1) Importer(815301076,1909f56bfc062723c751e8b465ee728b)
Start importing Assets/Models/temple UV fix_Dirt_Normal.png using Guid(68ac7c7ae98dc964fb5272527ce574a1) Importer(815301076,1909f56bfc062723c751e8b465ee728b)  -> (artifact id: '25c243f273df68b3d86083c3e965f116') in 0.007524 seconds 
  Import took 0.009054 seconds .

========================================================================
Received Import Request.
  Time since last request: 0.000154 seconds.
  path: Assets/Models/temple UV fix_porte001_BaseMap.png
  artifactKey: Guid(0f8c51d24d0879c43aa116ba044e8d8d) Importer(815301076,1909f56bfc062723c751e8b465ee728b)
Start importing Assets/Models/temple UV fix_porte001_BaseMap.png using Guid(0f8c51d24d0879c43aa116ba044e8d8d) Importer(815301076,1909f56bfc062723c751e8b465ee728b)  -> (artifact id: '76946d5f9f4b8a9b6b074ac8a7f33cbf') in 0.008783 seconds 
  Import took 0.010513 seconds .

========================================================================
Received Import Request.
  Time since last request: 0.000130 seconds.
  path: Assets/Models/temple UV fix_Mur R porte 2_BaseMap.png
  artifactKey: Guid(7462533bd21f81f49a4c1b4537e125c4) Importer(815301076,1909f56bfc062723c751e8b465ee728b)
Start importing Assets/Models/temple UV fix_Mur R porte 2_BaseMap.png using Guid(7462533bd21f81f49a4c1b4537e125c4) Importer(815301076,1909f56bfc062723c751e8b465ee728b)  -> (artifact id: '3d45db2082662605bfb342b1d2ddf11a') in 0.007050 seconds 
  Import took 0.045635 seconds .

========================================================================
Received Import Request.
  Time since last request: 0.000166 seconds.
  path: Assets/Models/temple UV fix_Mur R porte 2_Normal.png
  artifactKey: Guid(bedcc7aec8633964bbeed00ff3bb49f3) Importer(815301076,1909f56bfc062723c751e8b465ee728b)
Start importing Assets/Models/temple UV fix_Mur R porte 2_Normal.png using Guid(bedcc7aec8633964bbeed00ff3bb49f3) Importer(815301076,1909f56bfc062723c751e8b465ee728b)  -> (artifact id: '0f90add8fd8aa2a3158ec37c97a01e8d') in 0.006922 seconds 
  Import took 0.027834 seconds .

========================================================================
Received Import Request.
  Time since last request: 0.000160 seconds.
  path: Assets/Models/temple UV fix_étage_BaseMap.png
  artifactKey: Guid(824e60f2a50ab284eb9228905e1da3ee) Importer(815301076,1909f56bfc062723c751e8b465ee728b)
Start importing Assets/Models/temple UV fix_étage_BaseMap.png using Guid(824e60f2a50ab284eb9228905e1da3ee) Importer(815301076,1909f56bfc062723c751e8b465ee728b)  -> (artifact id: '74ad8b470ea47c9a6f6c3ac1e9cc093d') in 0.007589 seconds 
  Import took 0.016096 seconds .

========================================================================
Received Import Request.
  Time since last request: 0.000181 seconds.
  path: Assets/Models/temple UV fix_porte001_MaskMap.png
  artifactKey: Guid(2d6e44c04aeb5d644b4a3372230d45ce) Importer(815301076,1909f56bfc062723c751e8b465ee728b)
Start importing Assets/Models/temple UV fix_porte001_MaskMap.png using Guid(2d6e44c04aeb5d644b4a3372230d45ce) Importer(815301076,1909f56bfc062723c751e8b465ee728b)  -> (artifact id: 'a4110e2c9b056914a4fa4019c894a3cf') in 0.007702 seconds 
  Import took 0.009465 seconds .

========================================================================
Received Import Request.
  Time since last request: 0.000144 seconds.
  path: Assets/Models/temple UV fix_Dirt_BaseMap.png
  artifactKey: Guid(11503585e6c971f408e646cfe6bffdc1) Importer(815301076,1909f56bfc062723c751e8b465ee728b)
Start importing Assets/Models/temple UV fix_Dirt_BaseMap.png using Guid(11503585e6c971f408e646cfe6bffdc1) Importer(815301076,1909f56bfc062723c751e8b465ee728b)  -> (artifact id: 'dba503be5671f4e7fdbc03be09db841b') in 0.008076 seconds 
  Import took 0.009992 seconds .

========================================================================
Received Import Request.
  Time since last request: 0.000169 seconds.
  path: Assets/Models/temple UV fix_Mur temple intérieur_Normal.png
  artifactKey: Guid(2401399fa8f719c4ea8bb95fdc98e74b) Importer(815301076,1909f56bfc062723c751e8b465ee728b)
Start importing Assets/Models/temple UV fix_Mur temple intérieur_Normal.png using Guid(2401399fa8f719c4ea8bb95fdc98e74b) Importer(815301076,1909f56bfc062723c751e8b465ee728b)  -> (artifact id: '3e69d595bf13ee42d876711490bc8cc5') in 0.020384 seconds 
  Import took 0.022224 seconds .

========================================================================
Received Import Request.
  Time since last request: 0.000136 seconds.
  path: Assets/Models/temple UV fix_colone alcove_Normal.png
  artifactKey: Guid(7b1fe94e690748049af0faa1dd46d77a) Importer(815301076,1909f56bfc062723c751e8b465ee728b)
Start importing Assets/Models/temple UV fix_colone alcove_Normal.png using Guid(7b1fe94e690748049af0faa1dd46d77a) Importer(815301076,1909f56bfc062723c751e8b465ee728b)  -> (artifact id: '0bd938732c6f5ce44407f27b2f64470e') in 0.009043 seconds 
  Import took 0.010689 seconds .

========================================================================
Received Import Request.
  Time since last request: 0.000140 seconds.
  path: Assets/Models/temple UV fix_couleur sable_Normal.png
  artifactKey: Guid(aa954ebc128876a4b9ca21349331d62c) Importer(815301076,1909f56bfc062723c751e8b465ee728b)
Start importing Assets/Models/temple UV fix_couleur sable_Normal.png using Guid(aa954ebc128876a4b9ca21349331d62c) Importer(815301076,1909f56bfc062723c751e8b465ee728b)  -> (artifact id: 'babf7978e16fd24dd6712b7705c2eeba') in 0.007914 seconds 
  Import took 0.009949 seconds .

========================================================================
Received Import Request.
  Time since last request: 0.000131 seconds.
  path: Assets/Models/temple UV fix_Colone deco_MaskMap.png
  artifactKey: Guid(c2672931a5cac1e46afb7308c78dfe4e) Importer(815301076,1909f56bfc062723c751e8b465ee728b)
Start importing Assets/Models/temple UV fix_Colone deco_MaskMap.png using Guid(c2672931a5cac1e46afb7308c78dfe4e) Importer(815301076,1909f56bfc062723c751e8b465ee728b)  -> (artifact id: '87f2f5e542dcec64505811624e80d655') in 0.009387 seconds 
  Import took 0.011177 seconds .

========================================================================
Received Import Request.
  Time since last request: 0.000133 seconds.
  path: Assets/Models/temple UV fix_Fronton_Normal.png
  artifactKey: Guid(b09fbb70735469d48af454d0654f279e) Importer(815301076,1909f56bfc062723c751e8b465ee728b)
Start importing Assets/Models/temple UV fix_Fronton_Normal.png using Guid(b09fbb70735469d48af454d0654f279e) Importer(815301076,1909f56bfc062723c751e8b465ee728b)  -> (artifact id: '3433267129f0b0a26511091c22f49bd9') in 0.009576 seconds 
  Import took 0.011224 seconds .

========================================================================
Received Import Request.
  Time since last request: 0.000124 seconds.
  path: Assets/Models/temple UV fix_Fronton_MaskMap.png
  artifactKey: Guid(e9f635ea5cf1cde4d829d9c7e1e14c9d) Importer(815301076,1909f56bfc062723c751e8b465ee728b)
Start importing Assets/Models/temple UV fix_Fronton_MaskMap.png using Guid(e9f635ea5cf1cde4d829d9c7e1e14c9d) Importer(815301076,1909f56bfc062723c751e8b465ee728b)  -> (artifact id: '972fc491b87a96ae9e4fba61810ef716') in 0.010651 seconds 
  Import took 0.012780 seconds .

========================================================================
Received Import Request.
  Time since last request: 0.000173 seconds.
  path: Assets/Models/temple UV fix_Barre porte _BaseMap.png
  artifactKey: Guid(9db133ccbf2f13243b63efaf33bc4692) Importer(815301076,1909f56bfc062723c751e8b465ee728b)
Start importing Assets/Models/temple UV fix_Barre porte _BaseMap.png using Guid(9db133ccbf2f13243b63efaf33bc4692) Importer(815301076,1909f56bfc062723c751e8b465ee728b)  -> (artifact id: '1bc095763e99de485d455706ecaea75f') in 0.008306 seconds 
  Import took 0.010358 seconds .

========================================================================
Received Import Request.
  Time since last request: 0.000123 seconds.
  path: Assets/Models/temple UV fix_Colone deco_Normal.png
  artifactKey: Guid(26874571a645d4144abf744bff064ee8) Importer(815301076,1909f56bfc062723c751e8b465ee728b)
Start importing Assets/Models/temple UV fix_Colone deco_Normal.png using Guid(26874571a645d4144abf744bff064ee8) Importer(815301076,1909f56bfc062723c751e8b465ee728b)  -> (artifact id: 'c0c74a2c148ac06af8be692e7f41eda8') in 0.009542 seconds 
  Import took 0.011426 seconds .

========================================================================
Received Import Request.
  Time since last request: 0.000146 seconds.
  path: Assets/Models/temple UV fix_Mur Exagone L_MaskMap.png
  artifactKey: Guid(1d5c7f028e239bd41bc0edf59e624a7c) Importer(815301076,1909f56bfc062723c751e8b465ee728b)
Start importing Assets/Models/temple UV fix_Mur Exagone L_MaskMap.png using Guid(1d5c7f028e239bd41bc0edf59e624a7c) Importer(815301076,1909f56bfc062723c751e8b465ee728b)  -> (artifact id: 'fffe97f68342f25bbc2c9e9fc289ca1c') in 0.008406 seconds 
  Import took 0.010295 seconds .

========================================================================
Received Import Request.
  Time since last request: 0.000171 seconds.
  path: Assets/Models/temple UV fix_Mur R porte 2_MaskMap.png
  artifactKey: Guid(4c8bc71f459bdfd4ea6609829c14c245) Importer(815301076,1909f56bfc062723c751e8b465ee728b)
Start importing Assets/Models/temple UV fix_Mur R porte 2_MaskMap.png using Guid(4c8bc71f459bdfd4ea6609829c14c245) Importer(815301076,1909f56bfc062723c751e8b465ee728b)  -> (artifact id: 'cfca68900b4a2ea55634635ba84892b1') in 0.008473 seconds 
  Import took 0.010462 seconds .

========================================================================
Received Import Request.
  Time since last request: 0.000120 seconds.
  path: Assets/Models/temple UV fix_Escalier_BaseMap.png
  artifactKey: Guid(b5d0ab2beba7e9b4e8c2d5812c68ba26) Importer(815301076,1909f56bfc062723c751e8b465ee728b)
Start importing Assets/Models/temple UV fix_Escalier_BaseMap.png using Guid(b5d0ab2beba7e9b4e8c2d5812c68ba26) Importer(815301076,1909f56bfc062723c751e8b465ee728b)  -> (artifact id: '7a0bac8211051b04a78539eedf4d9902') in 0.008914 seconds 
  Import took 0.010646 seconds .

========================================================================
Received Import Request.
  Time since last request: 0.000118 seconds.
  path: Assets/Models/temple UV fix_Mur Exagone L_Normal.png
  artifactKey: Guid(2c8bdc19c6526fc46a8ec5f52a076162) Importer(815301076,1909f56bfc062723c751e8b465ee728b)
Start importing Assets/Models/temple UV fix_Mur Exagone L_Normal.png using Guid(2c8bdc19c6526fc46a8ec5f52a076162) Importer(815301076,1909f56bfc062723c751e8b465ee728b)  -> (artifact id: '499d66e9639eddc1501518ad24f54605') in 0.008362 seconds 
  Import took 0.009990 seconds .

========================================================================
Received Import Request.
  Time since last request: 0.000119 seconds.
  path: Assets/Models/temple UV fix_Mur temple intérieur_MaskMap.png
  artifactKey: Guid(7d5200167d96ffa4cb31542f28f9f9fa) Importer(815301076,1909f56bfc062723c751e8b465ee728b)
Start importing Assets/Models/temple UV fix_Mur temple intérieur_MaskMap.png using Guid(7d5200167d96ffa4cb31542f28f9f9fa) Importer(815301076,1909f56bfc062723c751e8b465ee728b)  -> (artifact id: '10e58a295a798987007791e068e4aab3') in 0.012419 seconds 
  Import took 0.018288 seconds .

========================================================================
Received Import Request.
  Time since last request: 0.000159 seconds.
  path: Assets/Models/temple UV fix_Barre porte _Normal.png
  artifactKey: Guid(096d91c6503a8a640a8e97b48ef23eb7) Importer(815301076,1909f56bfc062723c751e8b465ee728b)
Start importing Assets/Models/temple UV fix_Barre porte _Normal.png using Guid(096d91c6503a8a640a8e97b48ef23eb7) Importer(815301076,1909f56bfc062723c751e8b465ee728b)  -> (artifact id: '6eeb879f195b68491a57dde184a28958') in 0.009795 seconds 
  Import took 0.018938 seconds .

========================================================================
Received Import Request.
  Time since last request: 0.000147 seconds.
  path: Assets/Models/temple UV fix_Colone deco_BaseMap.png
  artifactKey: Guid(e1290695ced2db9428878794260a4d3c) Importer(815301076,1909f56bfc062723c751e8b465ee728b)
Start importing Assets/Models/temple UV fix_Colone deco_BaseMap.png using Guid(e1290695ced2db9428878794260a4d3c) Importer(815301076,1909f56bfc062723c751e8b465ee728b)  -> (artifact id: '7321c84d695fd4c31ce9b539139e5b2f') in 0.009777 seconds 
  Import took 0.021948 seconds .

========================================================================
Received Import Request.
  Time since last request: 0.000137 seconds.
  path: Assets/Models/temple UV fix_Toit deco_Normal.png
  artifactKey: Guid(90b113e9e694a3440b8eb67e66556b93) Importer(815301076,1909f56bfc062723c751e8b465ee728b)
Start importing Assets/Models/temple UV fix_Toit deco_Normal.png using Guid(90b113e9e694a3440b8eb67e66556b93) Importer(815301076,1909f56bfc062723c751e8b465ee728b)  -> (artifact id: '42346e77cc063a95ee2e9c4fb014b506') in 0.009866 seconds 
  Import took 0.016285 seconds .

========================================================================
Received Import Request.
  Time since last request: 0.000124 seconds.
  path: Assets/Models/temple UV fix_Toit deco_MaskMap.png
  artifactKey: Guid(51ca454aa4bd13f4e8efcbac82630891) Importer(815301076,1909f56bfc062723c751e8b465ee728b)
Start importing Assets/Models/temple UV fix_Toit deco_MaskMap.png using Guid(51ca454aa4bd13f4e8efcbac82630891) Importer(815301076,1909f56bfc062723c751e8b465ee728b)  -> (artifact id: 'b65e1b16005debead9c7b137eed18991') in 0.008119 seconds 
  Import took 0.013270 seconds .

========================================================================
Received Import Request.
  Time since last request: 0.000125 seconds.
  path: Assets/Models/temple UV fix_Collone_Normal.png
  artifactKey: Guid(734ddcb2fa0add34aa6414d697933ea0) Importer(815301076,1909f56bfc062723c751e8b465ee728b)
Start importing Assets/Models/temple UV fix_Collone_Normal.png using Guid(734ddcb2fa0add34aa6414d697933ea0) Importer(815301076,1909f56bfc062723c751e8b465ee728b)  -> (artifact id: '9df60b74c839dffd053fb93d1f3f74ce') in 0.008483 seconds 
  Import took 0.010419 seconds .

========================================================================
Received Import Request.
  Time since last request: 0.000137 seconds.
  path: Assets/Models/temple UV fix_Porte2_MaskMap.png
  artifactKey: Guid(62666cbcba53a46428ab098752559048) Importer(815301076,1909f56bfc062723c751e8b465ee728b)
Start importing Assets/Models/temple UV fix_Porte2_MaskMap.png using Guid(62666cbcba53a46428ab098752559048) Importer(815301076,1909f56bfc062723c751e8b465ee728b)  -> (artifact id: 'cada98a136420da6d325ac46ba4f3605') in 0.009506 seconds 
  Import took 0.028154 seconds .

========================================================================
Received Import Request.
  Time since last request: 0.000147 seconds.
  path: Assets/Models/temple UV fix_Porte2_BaseMap.png
  artifactKey: Guid(2ab5564fcc9641d40a89e605d67316fd) Importer(815301076,1909f56bfc062723c751e8b465ee728b)
Start importing Assets/Models/temple UV fix_Porte2_BaseMap.png using Guid(2ab5564fcc9641d40a89e605d67316fd) Importer(815301076,1909f56bfc062723c751e8b465ee728b)  -> (artifact id: 'd7ff51572eed14b92ae0ddcbb9dab7b9') in 0.008675 seconds 
  Import took 0.042577 seconds .

========================================================================
Received Import Request.
  Time since last request: 0.000158 seconds.
  path: Assets/Models/temple UV fix_Grande colone_BaseMap.png
  artifactKey: Guid(6980ad46864288d4da336faff535c2f4) Importer(815301076,1909f56bfc062723c751e8b465ee728b)
Start importing Assets/Models/temple UV fix_Grande colone_BaseMap.png using Guid(6980ad46864288d4da336faff535c2f4) Importer(815301076,1909f56bfc062723c751e8b465ee728b)  -> (artifact id: '1547d837a42bcccd28fb96c9fe4f9871') in 0.008984 seconds 
  Import took 0.024274 seconds .

========================================================================
Received Import Request.
  Time since last request: 0.000140 seconds.
  path: Assets/Models/temple UV fix_Mur temple intérieur_BaseMap.png
  artifactKey: Guid(650658564d909f84bb0eccfa82acb358) Importer(815301076,1909f56bfc062723c751e8b465ee728b)
Start importing Assets/Models/temple UV fix_Mur temple intérieur_BaseMap.png using Guid(650658564d909f84bb0eccfa82acb358) Importer(815301076,1909f56bfc062723c751e8b465ee728b)  -> (artifact id: '7f1113389005b4689fb644f5ebb6f21d') in 0.008368 seconds 
  Import took 0.010700 seconds .

========================================================================
Received Import Request.
  Time since last request: 0.000137 seconds.
  path: Assets/Models/temple UV fix_colone alcove_BaseMap.png
  artifactKey: Guid(5e0f9ed46526b864c9c49ae3a4792504) Importer(815301076,1909f56bfc062723c751e8b465ee728b)
Start importing Assets/Models/temple UV fix_colone alcove_BaseMap.png using Guid(5e0f9ed46526b864c9c49ae3a4792504) Importer(815301076,1909f56bfc062723c751e8b465ee728b)  -> (artifact id: '3650f3c27e714c6074fccbc37e1dd8c6') in 0.007378 seconds 
  Import took 0.008832 seconds .

========================================================================
Received Import Request.
  Time since last request: 0.000121 seconds.
  path: Assets/Models/temple UV fix_étage_Normal.png
  artifactKey: Guid(974f79d91da22184c91d89841e6a23ba) Importer(815301076,1909f56bfc062723c751e8b465ee728b)
Start importing Assets/Models/temple UV fix_étage_Normal.png using Guid(974f79d91da22184c91d89841e6a23ba) Importer(815301076,1909f56bfc062723c751e8b465ee728b)  -> (artifact id: '02d9fbaf4269a481209d97165454985b') in 0.007552 seconds 
  Import took 0.009543 seconds .

========================================================================
Received Import Request.
  Time since last request: 0.000109 seconds.
  path: Assets/Models/temple UV fix_Mur Exagone L_BaseMap.png
  artifactKey: Guid(d2cab3998281ee548b5116c4fe2b4414) Importer(815301076,1909f56bfc062723c751e8b465ee728b)
Start importing Assets/Models/temple UV fix_Mur Exagone L_BaseMap.png using Guid(d2cab3998281ee548b5116c4fe2b4414) Importer(815301076,1909f56bfc062723c751e8b465ee728b)  -> (artifact id: '8afa6a98167422223e7a2b7ac5d41c0a') in 0.008468 seconds 
  Import took 0.010337 seconds .

========================================================================
Received Import Request.
  Time since last request: 325.135657 seconds.
  path: Assets/Models/Temple
  artifactKey: Guid(11b6c70cfee8b8340a9c99ac82ddb51a) Importer(815301076,1909f56bfc062723c751e8b465ee728b)
Start importing Assets/Models/Temple using Guid(11b6c70cfee8b8340a9c99ac82ddb51a) Importer(815301076,1909f56bfc062723c751e8b465ee728b)  -> (artifact id: '159e72890123cfd6a76bf62d03918d9d') in 0.004821 seconds 
  Import took 0.006999 seconds .

AssetImportWorkerClient::OnTransportError - code=2 error=End of file
